Copyright 1986-2020 Xilinx, Inc. All Rights Reserved.
----------------------------------------------------------------------------------------------------------------------------------------------------------------
| Tool Version     : Vivado v.2020.2 (win64) Build 3064766 Wed Nov 18 09:12:45 MST 2020
| Date             : Fri Oct 14 17:46:45 2022
| Host             : DESKTOP-1ENIDNS running 64-bit major release  (build 9200)
| Command          : report_power -file system_wrapper_power_routed.rpt -pb system_wrapper_power_summary_routed.pb -rpx system_wrapper_power_routed.rpx
| Design           : system_wrapper
| Device           : xc7z010clg400-1
| Design State     : routed
| Grade            : commercial
| Process          : typical
| Characterization : Production
----------------------------------------------------------------------------------------------------------------------------------------------------------------

Power Report

Table of Contents
-----------------
1. Summary
1.1 On-Chip Components
1.2 Power Supply Summary
1.3 Confidence Level
2. Settings
2.1 Environment
2.2 Clock Constraints
3. Detailed Reports
3.1 By Hierarchy

1. Summary
----------

+--------------------------+--------------+
| Total On-Chip Power (W)  | 1.688        |
| Design Power Budget (W)  | Unspecified* |
| Power Budget Margin (W)  | NA           |
| Dynamic (W)              | 1.564        |
| Device Static (W)        | 0.124        |
| Effective TJA (C/W)      | 11.5         |
| Max Ambient (C)          | 65.5         |
| Junction Temperature (C) | 44.5         |
| Confidence Level         | Low          |
| Setting File             | ---          |
| Simulation Activity File | ---          |
| Design Nets Matched      | NA           |
+--------------------------+--------------+
* Specify Design Power Budget using, set_operating_conditions -design_power_budget <value in Watts>


1.1 On-Chip Components
----------------------

+--------------------------+-----------+----------+-----------+-----------------+
| On-Chip                  | Power (W) | Used     | Available | Utilization (%) |
+--------------------------+-----------+----------+-----------+-----------------+
| Clocks                   |     0.025 |        5 |       --- |             --- |
| Slice Logic              |     0.008 |    16844 |       --- |             --- |
|   LUT as Logic           |     0.007 |     5791 |     17600 |           32.90 |
|   CARRY4                 |    <0.001 |      215 |      4400 |            4.89 |
|   Register               |    <0.001 |     7882 |     35200 |           22.39 |
|   LUT as Distributed RAM |    <0.001 |      178 |      6000 |            2.97 |
|   LUT as Shift Register  |    <0.001 |      326 |      6000 |            5.43 |
|   F7/F8 Muxes            |    <0.001 |       12 |     17600 |            0.07 |
|   Others                 |     0.000 |      831 |       --- |             --- |
| Signals                  |     0.010 |    12146 |       --- |             --- |
| Block RAM                |     0.006 |      9.5 |        60 |           15.83 |
| PLL                      |     0.109 |        1 |         2 |           50.00 |
| I/O                      |     0.001 |       23 |       100 |           23.00 |
| PS7                      |     1.404 |        1 |       --- |             --- |
| Static Power             |     0.124 |          |           |                 |
| Total                    |     1.688 |          |           |                 |
+--------------------------+-----------+----------+-----------+-----------------+


1.2 Power Supply Summary
------------------------

+-----------+-------------+-----------+-------------+------------+-------------+-------------+------------+
| Source    | Voltage (V) | Total (A) | Dynamic (A) | Static (A) | Powerup (A) | Budget (A)  | Margin (A) |
+-----------+-------------+-----------+-------------+------------+-------------+-------------+------------+
| Vccint    |       1.000 |     0.066 |       0.059 |      0.007 |       NA    | Unspecified | NA         |
| Vccaux    |       1.800 |     0.063 |       0.055 |      0.008 |       NA    | Unspecified | NA         |
| Vcco33    |       3.300 |     0.001 |       0.000 |      0.001 |       NA    | Unspecified | NA         |
| Vcco25    |       2.500 |     0.000 |       0.000 |      0.000 |       NA    | Unspecified | NA         |
| Vcco18    |       1.800 |     0.000 |       0.000 |      0.000 |       NA    | Unspecified | NA         |
| Vcco15    |       1.500 |     0.000 |       0.000 |      0.000 |       NA    | Unspecified | NA         |
| Vcco135   |       1.350 |     0.000 |       0.000 |      0.000 |       NA    | Unspecified | NA         |
| Vcco12    |       1.200 |     0.000 |       0.000 |      0.000 |       NA    | Unspecified | NA         |
| Vccaux_io |       1.800 |     0.000 |       0.000 |      0.000 |       NA    | Unspecified | NA         |
| Vccbram   |       1.000 |     0.002 |       0.000 |      0.001 |       NA    | Unspecified | NA         |
| MGTAVcc   |       1.000 |     0.000 |       0.000 |      0.000 |       NA    | Unspecified | NA         |
| MGTAVtt   |       1.200 |     0.000 |       0.000 |      0.000 |       NA    | Unspecified | NA         |
| MGTVccaux |       1.800 |     0.000 |       0.000 |      0.000 |       NA    | Unspecified | NA         |
| Vccpint   |       1.000 |     0.752 |       0.722 |      0.030 |       NA    | Unspecified | NA         |
| Vccpaux   |       1.800 |     0.061 |       0.051 |      0.010 |       NA    | Unspecified | NA         |
| Vccpll    |       1.800 |     0.017 |       0.014 |      0.003 |       NA    | Unspecified | NA         |
| Vcco_ddr  |       1.350 |     0.413 |       0.411 |      0.002 |       NA    | Unspecified | NA         |
| Vcco_mio0 |       3.300 |     0.003 |       0.002 |      0.001 |       NA    | Unspecified | NA         |
| Vcco_mio1 |       1.800 |     0.003 |       0.002 |      0.001 |       NA    | Unspecified | NA         |
| Vccadc    |       1.800 |     0.020 |       0.000 |      0.020 |       NA    | Unspecified | NA         |
+-----------+-------------+-----------+-------------+------------+-------------+-------------+------------+


1.3 Confidence Level
--------------------

+-----------------------------+------------+--------------------------------------------------------+------------------------------------------------------------------------------------------------------------+
| User Input Data             | Confidence | Details                                                | Action                                                                                                     |
+-----------------------------+------------+--------------------------------------------------------+------------------------------------------------------------------------------------------------------------+
| Design implementation state | High       | Design is routed                                       |                                                                                                            |
| Clock nodes activity        | High       | User specified more than 95% of clocks                 |                                                                                                            |
| I/O nodes activity          | Low        | More than 75% of inputs are missing user specification | Provide missing input activity with simulation results or by editing the "By Resource Type -> I/Os" view   |
| Internal nodes activity     | Medium     | User specified less than 25% of internal nodes         | Provide missing internal nodes activity with simulation results or by editing the "By Resource Type" views |
| Device models               | High       | Device models are Production                           |                                                                                                            |
|                             |            |                                                        |                                                                                                            |
| Overall confidence level    | Low        |                                                        |                                                                                                            |
+-----------------------------+------------+--------------------------------------------------------+------------------------------------------------------------------------------------------------------------+


2. Settings
-----------

2.1 Environment
---------------

+-----------------------+------------------------+
| Ambient Temp (C)      | 25.0                   |
| ThetaJA (C/W)         | 11.5                   |
| Airflow (LFM)         | 250                    |
| Heat Sink             | none                   |
| ThetaSA (C/W)         | 0.0                    |
| Board Selection       | medium (10"x10")       |
| # of Board Layers     | 8to11 (8 to 11 Layers) |
| Board Temperature (C) | 25.0                   |
+-----------------------+------------------------+


2.2 Clock Constraints
---------------------

+------------+---------------------------------------------------------------------------------------------+-----------------+
| Clock      | Domain                                                                                      | Constraint (ns) |
+------------+---------------------------------------------------------------------------------------------+-----------------+
| clk_fpga_0 | system_i/processing_system7_0/inst/FCLK_CLK_unbuffered[0]                                   |            10.0 |
| clkfbout   | system_i/d_axi_i2s_audio_0/U0/d_axi_i2s_audio_v2_0_AXI_L_inst/Inst_I2sCtl/Inst_Dcm/clkfbout |            50.0 |
| clkout0    | system_i/d_axi_i2s_audio_0/U0/d_axi_i2s_audio_v2_0_AXI_L_inst/Inst_I2sCtl/Inst_Dcm/clkout0  |            81.4 |
+------------+---------------------------------------------------------------------------------------------+-----------------+


3. Detailed Reports
-------------------

3.1 By Hierarchy
----------------

+--------------------------+-----------+
| Name                     | Power (W) |
+--------------------------+-----------+
| system_wrapper           |     1.564 |
|   system_i               |     1.562 |
|     axi_bram_ctrl_0      |     0.001 |
|       U0                 |     0.001 |
|     axi_bram_ctrl_1      |     0.001 |
|       U0                 |     0.001 |
|     axi_dma_0            |     0.009 |
|       U0                 |     0.009 |
|     axi_dma_1            |     0.003 |
|       U0                 |     0.003 |
|     axi_iic_0            |     0.002 |
|       U0                 |     0.002 |
|     axi_mem_intercon     |     0.004 |
|       m00_couplers       |     0.001 |
|       xbar               |     0.001 |
|     blk_mem_gen_0        |     0.002 |
|       U0                 |     0.002 |
|     d_axi_i2s_audio_0    |     0.116 |
|       U0                 |     0.116 |
|     ledstream_0          |     0.002 |
|       inst               |     0.002 |
|     processing_system7_0 |     1.405 |
|       inst               |     1.405 |
|     ps7_0_axi_periph     |     0.015 |
|       m00_couplers       |     0.003 |
|       m01_couplers       |     0.003 |
|       m02_couplers       |     0.002 |
|       m03_couplers       |     0.002 |
|       m05_couplers       |     0.003 |
|       xbar               |     0.002 |
+--------------------------+-----------+


